2023-12-05 16:44:29,959 INFO  [org.jboss.modules] (main) JBoss Modules version 1.11.0.Final
2023-12-05 16:44:31,500 INFO  [org.jboss.msc] (main) JBoss MSC version 1.4.12.Final
2023-12-05 16:44:31,532 INFO  [org.jboss.threads] (main) JBoss Threads version 2.4.0.Final
2023-12-05 16:44:31,778 INFO  [org.jboss.as] (MSC service thread 1-2) WFLYSRV0049: WildFly Full 23.0.2.Final (WildFly Core 15.0.1.Final) starting
2023-12-05 16:44:31,782 DEBUG [org.jboss.as.config] (MSC service thread 1-2) Configured system properties:
	file.encoding = UTF-8
	file.separator = \
	java.awt.headless = true
	java.class.path = C:\Users\Thiago\Documents\ExercicioModulo38\Wildfly\wildfly-23.0.2.Final\wildfly-23.0.2.Final\jboss-modules.jar
	java.class.version = 61.0
	java.home = C:\Program Files\Java\jdk-17
	java.io.tmpdir = C:\Users\Thiago\AppData\Local\Temp\
	java.library.path = C:\Program Files\Java\jdk-17\bin;C:\Windows\Sun\Java\bin;C:\Windows\system32;C:\Windows;native;C:\Program Files\Common Files\Oracle\Java\javapath;C:\Windows\system32;C:\Windows;C:\Windows\System32\Wbem;C:\Windows\System32\WindowsPowerShell\v1.0\;C:\Windows\System32\OpenSSH\;C:\Program Files\Git\cmd;C:\Program Files\Java\jdk-17\bin;;C:\Program Files\Docker\Docker\resources\bin;C:\Users\Thiago\AppData\Local\Microsoft\WindowsApps;;C:\Users\Thiago\AppData\Local\Programs\Microsoft VS Code\bin;.
	java.net.preferIPv4Stack = true
	java.runtime.name = Java(TM) SE Runtime Environment
	java.runtime.version = 17.0.8+9-LTS-211
	java.specification.name = Java Platform API Specification
	java.specification.vendor = Oracle Corporation
	java.specification.version = 17
	java.util.logging.manager = org.jboss.logmanager.LogManager
	java.vendor = Oracle Corporation
	java.vendor.url = https://java.oracle.com/
	java.vendor.url.bug = https://bugreport.java.com/bugreport/
	java.version = 17.0.8
	java.version.date = 2023-07-18
	java.vm.compressedOopsMode = 32-bit
	java.vm.info = mixed mode, sharing
	java.vm.name = Java HotSpot(TM) 64-Bit Server VM
	java.vm.specification.name = Java Virtual Machine Specification
	java.vm.specification.vendor = Oracle Corporation
	java.vm.specification.version = 17
	java.vm.vendor = Oracle Corporation
	java.vm.version = 17.0.8+9-LTS-211
	javax.management.builder.initial = org.jboss.as.jmx.PluggableMBeanServerBuilder
	jboss.bind.address = localhost
	jboss.bind.address.management = localhost
	jboss.home.dir = C:\Users\Thiago\Documents\ExercicioModulo38\Wildfly\wildfly-23.0.2.Final\wildfly-23.0.2.Final
	jboss.host.name = desktop-gr5kd36
	jboss.modules.dir = C:\Users\Thiago\Documents\ExercicioModulo38\Wildfly\wildfly-23.0.2.Final\wildfly-23.0.2.Final\modules
	jboss.modules.system.pkgs = org.jboss.byteman
	jboss.node.name = desktop-gr5kd36
	jboss.qualified.host.name = desktop-gr5kd36
	jboss.server.base.dir = C:\Users\Thiago\Documents\ExercicioModulo38\Wildfly\wildfly-23.0.2.Final\wildfly-23.0.2.Final\standalone
	jboss.server.config.dir = C:\Users\Thiago\Documents\ExercicioModulo38\Wildfly\wildfly-23.0.2.Final\wildfly-23.0.2.Final\standalone\configuration
	jboss.server.data.dir = C:\Users\Thiago\Documents\ExercicioModulo38\Wildfly\wildfly-23.0.2.Final\wildfly-23.0.2.Final\standalone\data
	jboss.server.deploy.dir = C:\Users\Thiago\Documents\ExercicioModulo38\Wildfly\wildfly-23.0.2.Final\wildfly-23.0.2.Final\standalone\data\content
	jboss.server.log.dir = C:\Users\Thiago\Documents\ExercicioModulo38\Wildfly\wildfly-23.0.2.Final\wildfly-23.0.2.Final\standalone\log
	jboss.server.name = desktop-gr5kd36
	jboss.server.persist.config = true
	jboss.server.temp.dir = C:\Users\Thiago\Documents\ExercicioModulo38\Wildfly\wildfly-23.0.2.Final\wildfly-23.0.2.Final\standalone\tmp
	jdk.debug = release
	line.separator = 

	logging.configuration = file:C:\Users\Thiago\Documents\ExercicioModulo38\Wildfly\wildfly-23.0.2.Final\wildfly-23.0.2.Final\standalone\configuration\logging.properties
	module.path = C:\Users\Thiago\Documents\ExercicioModulo38\Wildfly\wildfly-23.0.2.Final\wildfly-23.0.2.Final\modules
	native.encoding = Cp1252
	org.jboss.boot.log.file = C:\Users\Thiago\Documents\ExercicioModulo38\Wildfly\wildfly-23.0.2.Final\wildfly-23.0.2.Final\standalone\log\boot.log
	org.jboss.logmanager.nocolor = true
	org.jboss.resolver.warning = true
	os.arch = amd64
	os.name = Windows 11
	os.version = 10.0
	path.separator = ;
	program.name = JBossTools: WildFly 23
	sun.arch.data.model = 64
	sun.boot.library.path = C:\Program Files\Java\jdk-17\bin
	sun.cpu.endian = little
	sun.cpu.isalist = amd64
	sun.io.unicode.encoding = UnicodeLittle
	sun.java.command = org.jboss.modules.Main -mp C:\Users\Thiago\Documents\ExercicioModulo38\Wildfly\wildfly-23.0.2.Final\wildfly-23.0.2.Final\modules org.jboss.as.standalone -b localhost --server-config=standalone.xml -Djboss.server.base.dir=C:\Users\Thiago\Documents\ExercicioModulo38\Wildfly\wildfly-23.0.2.Final\wildfly-23.0.2.Final\standalone
	sun.java.launcher = SUN_STANDARD
	sun.jnu.encoding = Cp1252
	sun.management.compiler = HotSpot 64-Bit Tiered Compilers
	sun.os.patch.level = 
	sun.rmi.dgc.client.gcInterval = 3600000
	sun.rmi.dgc.server.gcInterval = 3600000
	user.country = BR
	user.dir = C:\Users\Thiago\Documents\ExercicioModulo38\Wildfly\wildfly-23.0.2.Final\wildfly-23.0.2.Final\bin
	user.home = C:\Users\Thiago
	user.language = pt
	user.name = Thiago
	user.script = 
	user.timezone = America/Sao_Paulo
	user.variant = 
2023-12-05 16:44:31,789 DEBUG [org.jboss.as.config] (MSC service thread 1-2) VM Arguments: -Dprogram.name=JBossTools: WildFly 23 -Xms64m -Xmx512m -Dorg.jboss.resolver.warning=true -Djava.net.preferIPv4Stack=true -Dsun.rmi.dgc.client.gcInterval=3600000 -Dsun.rmi.dgc.server.gcInterval=3600000 -Djboss.modules.system.pkgs=org.jboss.byteman -Djava.awt.headless=true -Dorg.jboss.boot.log.file=C:\Users\Thiago\Documents\ExercicioModulo38\Wildfly\wildfly-23.0.2.Final\wildfly-23.0.2.Final\standalone\log\boot.log -Dlogging.configuration=file:C:\Users\Thiago\Documents\ExercicioModulo38\Wildfly\wildfly-23.0.2.Final\wildfly-23.0.2.Final\standalone\configuration\logging.properties -Djboss.home.dir=C:\Users\Thiago\Documents\ExercicioModulo38\Wildfly\wildfly-23.0.2.Final\wildfly-23.0.2.Final -Dorg.jboss.logmanager.nocolor=true --add-exports=java.desktop/sun.awt=ALL-UNNAMED --add-exports=java.naming/com.sun.jndi.ldap=ALL-UNNAMED --add-opens=java.base/java.lang=ALL-UNNAMED --add-opens=java.base/java.lang.invoke=ALL-UNNAMED --add-opens=java.base/java.lang.reflect=ALL-UNNAMED --add-opens=java.base/java.io=ALL-UNNAMED --add-opens=java.base/java.security=ALL-UNNAMED --add-opens=java.base/java.util=ALL-UNNAMED --add-opens=java.base/java.util.concurrent=ALL-UNNAMED --add-opens=java.management/javax.management=ALL-UNNAMED --add-opens=java.naming/javax.naming=ALL-UNNAMED --add-exports=java.base/sun.nio.ch=ALL-UNNAMED --add-exports=jdk.unsupported/sun.misc=ALL-UNNAMED --add-exports=jdk.unsupported/sun.reflect=ALL-UNNAMED --add-modules=java.se -Djboss.bind.address.management=localhost -Dfile.encoding=UTF-8 -XX:+ShowCodeDetailsInExceptionMessages 
2023-12-05 16:44:33,781 INFO  [org.wildfly.security] (ServerService Thread Pool -- 28) ELY00001: WildFly Elytron version 1.15.3.Final
2023-12-05 16:44:34,471 INFO  [org.jboss.as.controller.management-deprecated] (ServerService Thread Pool -- 10) WFLYCTL0033: Extension 'security' is deprecated and may not be supported in future versions
2023-12-05 16:44:35,230 INFO  [org.jboss.as.controller.management-deprecated] (Controller Boot Thread) WFLYCTL0028: Attribute 'security-realm' in the resource at address '/core-service=management/management-interface=http-interface' is deprecated, and may be removed in a future version. See the attribute description in the output of the read-resource-description operation to learn more about the deprecation.
2023-12-05 16:44:35,397 INFO  [org.jboss.as.controller.management-deprecated] (ServerService Thread Pool -- 15) WFLYCTL0028: Attribute 'security-realm' in the resource at address '/subsystem=undertow/server=default-server/https-listener=https' is deprecated, and may be removed in a future version. See the attribute description in the output of the read-resource-description operation to learn more about the deprecation.
2023-12-05 16:44:35,596 INFO  [org.jboss.as.server] (Controller Boot Thread) WFLYSRV0039: Creating http management service using socket-binding (management-http)
2023-12-05 16:44:35,665 INFO  [org.xnio] (MSC service thread 1-4) XNIO version 3.8.4.Final
2023-12-05 16:44:35,687 INFO  [org.xnio.nio] (MSC service thread 1-4) XNIO NIO Implementation Version 3.8.4.Final
2023-12-05 16:44:35,966 INFO  [org.wildfly.extension.health] (ServerService Thread Pool -- 52) WFLYHEALTH0001: Activating Base Health Subsystem
2023-12-05 16:44:35,983 INFO  [org.jboss.as.clustering.infinispan] (ServerService Thread Pool -- 53) WFLYCLINF0001: Activating Infinispan subsystem.
2023-12-05 16:44:35,997 INFO  [org.jboss.as.connector.subsystems.datasources] (ServerService Thread Pool -- 44) WFLYJCA0004: Deploying JDBC-compliant driver class org.h2.Driver (version 1.4)
2023-12-05 16:44:35,998 WARN  [org.jboss.as.txn] (ServerService Thread Pool -- 74) WFLYTX0013: The node-identifier attribute on the /subsystem=transactions is set to the default value. This is a danger for environments running multiple servers. Please make sure the attribute value is unique.
2023-12-05 16:44:36,025 INFO  [org.jboss.as.jaxrs] (ServerService Thread Pool -- 55) WFLYRS0016: RESTEasy version 3.15.1.Final
2023-12-05 16:44:36,037 INFO  [org.wildfly.extension.microprofile.jwt.smallrye._private] (ServerService Thread Pool -- 64) WFLYJWT0001: Activating WildFly MicroProfile JWT Subsystem
2023-12-05 16:44:36,042 INFO  [org.wildfly.extension.microprofile.config.smallrye._private] (ServerService Thread Pool -- 63) WFLYCONF0001: Activating WildFly MicroProfile Config Subsystem
2023-12-05 16:44:36,077 INFO  [org.jboss.as.jsf] (ServerService Thread Pool -- 60) WFLYJSF0007: Activated the following Jakarta Server Faces Implementations: [main]
2023-12-05 16:44:36,085 INFO  [org.wildfly.extension.microprofile.opentracing] (ServerService Thread Pool -- 65) WFLYTRACEXT0001: Activating MicroProfile OpenTracing Subsystem
2023-12-05 16:44:36,102 INFO  [org.wildfly.extension.io] (ServerService Thread Pool -- 54) WFLYIO001: Worker 'default' has auto-configured to 8 IO threads with 64 max task threads based on your 4 available processors
2023-12-05 16:44:36,114 INFO  [org.jboss.as.security] (ServerService Thread Pool -- 72) WFLYSEC0002: Activating Security Subsystem
2023-12-05 16:44:36,119 INFO  [org.wildfly.extension.metrics] (ServerService Thread Pool -- 62) WFLYMETRICS0001: Activating Base Metrics Subsystem
2023-12-05 16:44:36,164 INFO  [org.jboss.as.naming] (ServerService Thread Pool -- 66) WFLYNAM0001: Activating Naming Subsystem
2023-12-05 16:44:36,164 INFO  [org.jboss.as.security] (MSC service thread 1-5) WFLYSEC0001: Current PicketBox version=5.0.3.Final-redhat-00007
2023-12-05 16:44:36,231 INFO  [org.jboss.as.webservices] (ServerService Thread Pool -- 76) WFLYWS0002: Activating WebServices Extension
2023-12-05 16:44:36,239 INFO  [org.wildfly.extension.undertow] (MSC service thread 1-7) WFLYUT0003: Undertow 2.2.5.Final starting
2023-12-05 16:44:36,552 INFO  [org.jboss.as.connector] (MSC service thread 1-4) WFLYJCA0009: Starting Jakarta Connectors Subsystem (WildFly/IronJacamar 1.4.27.Final)
2023-12-05 16:44:36,692 INFO  [org.jboss.as.connector.deployers.jdbc] (MSC service thread 1-7) WFLYJCA0018: Started Driver service with driver-name = h2
2023-12-05 16:44:36,697 INFO  [org.jboss.as.naming] (MSC service thread 1-7) WFLYNAM0003: Starting Naming Service
2023-12-05 16:44:36,751 WARN  [org.wildfly.extension.elytron] (MSC service thread 1-3) WFLYELY00023: KeyStore file 'C:\Users\Thiago\Documents\ExercicioModulo38\Wildfly\wildfly-23.0.2.Final\wildfly-23.0.2.Final\standalone\configuration\application.keystore' does not exist. Used blank.
2023-12-05 16:44:36,824 INFO  [org.jboss.remoting] (MSC service thread 1-8) JBoss Remoting version 5.0.20.Final
2023-12-05 16:44:36,887 INFO  [org.wildfly.extension.undertow] (ServerService Thread Pool -- 75) WFLYUT0014: Creating file handler for path 'C:\Users\Thiago\Documents\ExercicioModulo38\Wildfly\wildfly-23.0.2.Final\wildfly-23.0.2.Final/welcome-content' with options [directory-listing: 'false', follow-symlink: 'false', case-sensitive: 'true', safe-symlink-paths: '[]']
2023-12-05 16:44:36,927 INFO  [org.jboss.as.mail.extension] (MSC service thread 1-3) WFLYMAIL0001: Bound mail session [java:jboss/mail/Default]
2023-12-05 16:44:37,049 WARN  [org.wildfly.extension.elytron] (MSC service thread 1-4) WFLYELY01084: KeyStore C:\Users\Thiago\Documents\ExercicioModulo38\Wildfly\wildfly-23.0.2.Final\wildfly-23.0.2.Final\standalone\configuration\application.keystore not found, it will be auto generated on first use with a self-signed certificate for host localhost
2023-12-05 16:44:37,060 INFO  [org.jboss.as.ejb3] (MSC service thread 1-6) WFLYEJB0482: Strict pool mdb-strict-max-pool is using a max instance size of 16 (per class), which is derived from the number of CPUs on this host.
2023-12-05 16:44:37,061 INFO  [org.jboss.as.ejb3] (MSC service thread 1-2) WFLYEJB0481: Strict pool slsb-strict-max-pool is using a max instance size of 64 (per class), which is derived from thread worker pool sizing.
2023-12-05 16:44:37,294 INFO  [org.wildfly.extension.undertow] (MSC service thread 1-3) WFLYUT0012: Started server default-server.
2023-12-05 16:44:37,322 INFO  [org.wildfly.extension.undertow] (MSC service thread 1-8) Queuing requests.
2023-12-05 16:44:37,336 INFO  [org.wildfly.extension.undertow] (MSC service thread 1-8) WFLYUT0018: Host default-host starting
2023-12-05 16:44:37,680 INFO  [org.wildfly.extension.undertow] (MSC service thread 1-8) WFLYUT0006: Undertow HTTP listener default listening on 127.0.0.1:8080
2023-12-05 16:44:38,093 INFO  [org.jboss.as.ejb3] (MSC service thread 1-7) WFLYEJB0493: Jakarta Enterprise Beans subsystem suspension complete
2023-12-05 16:44:38,268 INFO  [org.jboss.as.patching] (MSC service thread 1-8) WFLYPAT0050: WildFly Full cumulative patch ID is: base, one-off patches include: none
